Build started 4/24/2017 17:06:54.
     1>Project "E:\Perth Things\Murdoch\2017 S1\ICT397\ICT397_project\397-Game-Engine\ICT397_Assignment\ICT397_Assignment\ICT397_Assignment.vcxproj" on node 2 (Build target(s)).
     1>ClCompile:
         C:\Program Files (x86)\Microsoft Visual Studio 12.0\VC\bin\CL.exe /c /Iinclude /ZI /nologo /W3 /WX- /sdl /Od /Oy- /D _CRT_SECURE_NO_WARNINGS /D _MBCS /Gm /EHsc /RTC1 /MDd /GS /fp:precise /Zc:wchar_t /Zc:forScope /Fo"Debug\\" /Fd"Debug\vc120.pdb" /Gd /TP /analyze- /errorReport:prompt GameObject.cpp
         GameObject.cpp
       Link:
         C:\Program Files (x86)\Microsoft Visual Studio 12.0\VC\bin\link.exe /ERRORREPORT:PROMPT /OUT:"E:\Perth Things\Murdoch\2017 S1\ICT397\ICT397_project\397-Game-Engine\ICT397_Assignment\Debug\ICT397_Assignment.exe" /INCREMENTAL /NOLOGO /LIBPATH:lib freeglut.lib SDL.lib glew32s.lib kernel32.lib user32.lib gdi32.lib winspool.lib comdlg32.lib advapi32.lib shell32.lib ole32.lib oleaut32.lib uuid.lib odbc32.lib odbccp32.lib /MANIFEST /MANIFESTUAC:"level='asInvoker' uiAccess='false'" /manifest:embed /DEBUG /PDB:"E:\Perth Things\Murdoch\2017 S1\ICT397\ICT397_project\397-Game-Engine\ICT397_Assignment\Debug\ICT397_Assignment.pdb" /TLBID:1 /DYNAMICBASE /NXCOMPAT /IMPLIB:"E:\Perth Things\Murdoch\2017 S1\ICT397\ICT397_project\397-Game-Engine\ICT397_Assignment\Debug\ICT397_Assignment.lib" /MACHINE:X86 Debug\Camera.obj
         Debug\GameObject.obj
         Debug\Graphics.obj
         Debug\main.obj
         Debug\Matrix.obj
         Debug\ObjectLoader.obj
         Debug\Vector3.obj
         Debug\World.obj
     1>GameObject.obj : error LNK2001: unresolved external symbol __imp____glewBufferData
     1>E:\Perth Things\Murdoch\2017 S1\ICT397\ICT397_project\397-Game-Engine\ICT397_Assignment\Debug\ICT397_Assignment.exe : fatal error LNK1120: 1 unresolved externals
     1>Done Building Project "E:\Perth Things\Murdoch\2017 S1\ICT397\ICT397_project\397-Game-Engine\ICT397_Assignment\ICT397_Assignment\ICT397_Assignment.vcxproj" (Build target(s)) -- FAILED.

Build FAILED.

Time Elapsed 00:00:03.33
